<?xml version="1.0" encoding="UTF-8"?>
<robot generator="Robot 7.2.2 (Python 3.13.2 on win32)" generated="2025-05-13T03:52:41.092700" rpa="false" schemaversion="5">
<suite id="s1" name="Test Suite" source="C:\QAx\projects\loopiclub-robot\tests\test_suite.robot">
<kw name="Setup Global" type="SETUP">
<kw name="Log" owner="BuiltIn">
<msg time="2025-05-13T03:52:41.123414" level="INFO">Configurando o ambiente antes de rodar os testes.</msg>
<arg>Configurando o ambiente antes de rodar os testes.</arg>
<doc>Logs the given message with the given level.</doc>
<status status="PASS" start="2025-05-13T03:52:41.123314" elapsed="0.000148"/>
</kw>
<status status="PASS" start="2025-05-13T03:52:41.122991" elapsed="0.000542"/>
</kw>
<test id="s1-t1" name="Executar Todos Os Testes" line="7">
<kw name="Executar Modificação no Usuário">
<kw name="Run Process" owner="Process">
<msg time="2025-05-13T03:52:41.125002" level="INFO">Starting process:
robot tests/modifyUser.robot</msg>
<msg time="2025-05-13T03:52:41.131266" level="INFO">Waiting for process to complete.</msg>
<msg time="2025-05-13T03:53:41.929312" level="INFO">Process completed.</msg>
<arg>robot</arg>
<arg>tests/modifyUser.robot</arg>
<arg>stdout=stdout.log</arg>
<arg>stderr=stderr.log</arg>
<doc>Runs a process and waits for it to complete.</doc>
<status status="PASS" start="2025-05-13T03:52:41.124282" elapsed="60.805131"/>
</kw>
<status status="PASS" start="2025-05-13T03:52:41.124105" elapsed="60.805398"/>
</kw>
<kw name="Executar Validação da Home">
<kw name="Run Process" owner="Process">
<msg time="2025-05-13T03:53:41.930926" level="INFO">Starting process:
robot tests/validateHome.robot</msg>
<msg time="2025-05-13T03:53:41.937023" level="INFO">Waiting for process to complete.</msg>
<msg time="2025-05-13T03:54:23.925553" level="INFO">Process completed.</msg>
<arg>robot</arg>
<arg>tests/validateHome.robot</arg>
<arg>stdout=stdout.log</arg>
<arg>stderr=stderr.log</arg>
<doc>Runs a process and waits for it to complete.</doc>
<status status="PASS" start="2025-05-13T03:53:41.930046" elapsed="41.995608"/>
</kw>
<status status="PASS" start="2025-05-13T03:53:41.929807" elapsed="41.995981"/>
</kw>
<kw name="Executar Validação do Ranking">
<kw name="Run Process" owner="Process">
<msg time="2025-05-13T03:54:23.926990" level="INFO">Starting process:
robot tests/validateRanking.robot</msg>
<msg time="2025-05-13T03:54:23.932794" level="INFO">Waiting for process to complete.</msg>
<msg time="2025-05-13T03:54:47.355506" level="INFO">Process completed.</msg>
<arg>robot</arg>
<arg>tests/validateRanking.robot</arg>
<arg>stdout=stdout.log</arg>
<arg>stderr=stderr.log</arg>
<doc>Runs a process and waits for it to complete.</doc>
<status status="PASS" start="2025-05-13T03:54:23.926289" elapsed="23.429331"/>
</kw>
<status status="PASS" start="2025-05-13T03:54:23.926079" elapsed="23.429630"/>
</kw>
<kw name="Executar Validação da Carteira">
<kw name="Run Process" owner="Process">
<msg time="2025-05-13T03:54:47.357649" level="INFO">Starting process:
robot tests/validateWallet.robot</msg>
<msg time="2025-05-13T03:54:47.366449" level="INFO">Waiting for process to complete.</msg>
<msg time="2025-05-13T03:55:29.235746" level="INFO">Process completed.</msg>
<arg>robot</arg>
<arg>tests/validateWallet.robot</arg>
<arg>stdout=stdout.log</arg>
<arg>stderr=stderr.log</arg>
<doc>Runs a process and waits for it to complete.</doc>
<status status="PASS" start="2025-05-13T03:54:47.356433" elapsed="41.879467"/>
</kw>
<status status="PASS" start="2025-05-13T03:54:47.356067" elapsed="41.879927"/>
</kw>
<status status="PASS" start="2025-05-13T03:52:41.123608" elapsed="168.112601"/>
</test>
<kw name="Teardown Global" type="TEARDOWN">
<kw name="Log" owner="BuiltIn">
<msg time="2025-05-13T03:55:29.237259" level="INFO">Limpando o ambiente após a execução de todos os testes.</msg>
<arg>Limpando o ambiente após a execução de todos os testes.</arg>
<doc>Logs the given message with the given level.</doc>
<status status="PASS" start="2025-05-13T03:55:29.237161" elapsed="0.000140"/>
</kw>
<status status="PASS" start="2025-05-13T03:55:29.236993" elapsed="0.000356"/>
</kw>
<status status="PASS" start="2025-05-13T03:52:41.094047" elapsed="168.143328"/>
</suite>
<statistics>
<total>
<stat pass="1" fail="0" skip="0">All Tests</stat>
</total>
<tag>
</tag>
<suite>
<stat name="Test Suite" id="s1" pass="1" fail="0" skip="0">Test Suite</stat>
</suite>
</statistics>
<errors>
</errors>
</robot>
